build/app/outputs/mapping/release/seeds.txt
com.example.nehwe.MainActivity
com.example.nehwe.MainActivity: MainActivity()
...
kotlinx.coroutines.channels.BufferOverflow: kotlinx.coroutines.channels.BufferOverflow[] values()
androidx.lifecycle.ReportFragment$LifecycleCallbacks: void onActivityPreStopped(android.app.Activity)
io.flutter.embedding.engine.renderer.FlutterRenderer$DisplayFeatureType: io.flutter.embedding.engine.renderer.FlutterRenderer$DisplayFeatureType valueOf(java.lang.String)
androidx.window.core.Bounds: Bounds(android.graphics.Rect)
com.google.android.exoplayer2.ui.SubtitleView: com.google.android.exoplayer2.ui.CaptionStyleCompat getUserCaptionStyle()
io.flutter.embedding.engine.FlutterJNI: void dispatchEmptyPlatformMessage(java.lang.String,int)
androidx.core.view.ViewCompat$Api21Impl: void setTranslationZ(android.view.View,float)
kotlin.jvm.internal.CallableReference: kotlin.reflect.KCallable getReflected()
io.flutter.plugins.pathprovider.Messages$StorageDirectory: io.flutter.plugins.pathprovider.Messages$StorageDirectory valueOf(java.lang.String)
io.flutter.embedding.engine.FlutterJNI: void setAccessibilityDelegate(io.flutter.embedding.engine.FlutterJNI$AccessibilityDelegate)
androidx.window.layout.EmptyDecorator: EmptyDecorator()
androidx.window.layout.SidecarCompat$FirstAttachAdapter: SidecarCompat$FirstAttachAdapter(androidx.window.layout.SidecarCompat,android.app.Activity)
io.flutter.embedding.engine.FlutterJNI: boolean isCodePointEmoji(int)
androidx.window.layout.SidecarWindowBackend$WindowLayoutChangeCallbackWrapper: void accept$lambda-0(androidx.window.layout.SidecarWindowBackend$WindowLayoutChangeCallbackWrapper,androidx.window.layout.WindowLayoutInfo)
com.google.android.exoplayer2.ui.TrackSelectionView: void setTrackNameProvider(com.google.android.exoplayer2.ui.TrackNameProvider)
androidx.core.view.ViewCompat$Api20Impl: void requestApplyInsets(android.view.View)
androidx.window.embedding.SplitRule: float getSplitRatio()
io.flutter.embedding.engine.FlutterJNI: boolean isCodePointEmojiModifier(int)
androidx.window.embedding.ExtensionEmbeddingBackend$SplitListenerWrapper: androidx.core.util.Consumer getCallback()
androidx.lifecycle.ReportFragment$LifecycleCallbacks: void onActivityPreDestroyed(android.app.Activity)
com.github.florent37.assets_audio_player.notification.MediaButtonsReceiver$MediaButtonAction: com.github.florent37.assets_audio_player.notification.MediaButtonsReceiver$MediaButtonAction[] values()
io.flutter.plugin.editing.ImeSyncDeferringInsetsCallback: boolean access$300(io.flutter.plugin.editing.ImeSyncDeferringInsetsCallback)
androidx.window.layout.SidecarCompat: void setExtensionCallback(androidx.window.layout.ExtensionInterfaceCompat$ExtensionCallbackInterface)
androidx.window.layout.SidecarAdapter$Companion: java.util.List getSidecarDisplayFeatures(androidx.window.sidecar.SidecarWindowLayoutInfo)
androidx.window.embedding.ActivityFilter: boolean equals(java.lang.Object)
androidx.media.AudioAttributesImplBaseParcelizer: AudioAttributesImplBaseParcelizer()
io.flutter.view.AccessibilityViewEmbedder: boolean onAccessibilityHoverEvent(int,android.view.MotionEvent)
androidx.core.view.ViewCompat$Api23Impl: void setScrollIndicators(android.view.View,int)
io.flutter.embedding.engine.FlutterJNI: void setRefreshRateFPS(float)
androidx.window.core.Bounds: int hashCode()
androidx.window.embedding.EmbeddingInterfaceCompat: void setSplitRules(java.util.Set)
com.github.florent37.assets_audio_player.stopwhencall.StopWhenCall$AudioState: com.github.florent37.assets_audio_player.stopwhencall.StopWhenCall$AudioState valueOf(java.lang.String)
androidx.core.view.ViewCompat$Api17Impl: int getLayoutDirection(android.view.View)
androidx.core.view.ViewCompat$Api16Impl: boolean getFitsSystemWindows(android.view.View)
androidx.window.embedding.ExtensionEmbeddingBackend$EmbeddingCallbackImpl: void setLastInfo(java.util.List)
androidx.window.embedding.EmbeddingAdapter: java.util.function.Predicate translateParentMetricsPredicate(androidx.window.embedding.SplitRule)