build/app/outputs/mapping/release/mapping.txt
# compiler: R8
# compiler_version: 3.1.66
# min_api: 21
# pg_map_id: ff1db8e
# common_typos_disable
# {"id":"com.android.tools.r8.mapping","version":"1.0"}
...
androidx.core.view.ViewCompat$Api17Impl -> androidx.core.view.o$h:
    int generateViewId() -> a
    android.view.Display getDisplay(android.view.View) -> b
    int getLabelFor(android.view.View) -> c
    int getLayoutDirection(android.view.View) -> d
    int getPaddingEnd(android.view.View) -> e
    int getPaddingStart(android.view.View) -> f
    boolean isPaddingRelative(android.view.View) -> g
    void setLabelFor(android.view.View,int) -> h
    void setLayerPaint(android.view.View,android.graphics.Paint) -> i
    void setLayoutDirection(android.view.View,int) -> j
    void setPaddingRelative(android.view.View,int,int,int,int) -> k
androidx.core.view.ViewCompat$Api19Impl -> androidx.core.view.o$i:
    int getAccessibilityLiveRegion(android.view.View) -> a
    boolean isAttachedToWindow(android.view.View) -> b
    boolean isLaidOut(android.view.View) -> c
    boolean isLayoutDirectionResolved(android.view.View) -> d
    void notifySubtreeAccessibilityStateChanged(android.view.ViewParent,android.view.View,android.view.View,int) -> e
    void setAccessibilityLiveRegion(android.view.View,int) -> f
    void setContentChangeTypes(android.view.accessibility.AccessibilityEvent,int) -> g
androidx.core.view.ViewCompat$Api20Impl -> androidx.core.view.o$j:
    android.view.WindowInsets dispatchApplyWindowInsets(android.view.View,android.view.WindowInsets) -> a
    android.view.WindowInsets onApplyWindowInsets(android.view.View,android.view.WindowInsets) -> b
    void requestApplyInsets(android.view.View) -> c
androidx.core.view.ViewCompat$Api21Impl -> androidx.core.view.o$k:
    void callCompatInsetAnimationCallback(android.view.WindowInsets,android.view.View) -> a
    androidx.core.view.WindowInsetsCompat computeSystemWindowInsets(android.view.View,androidx.core.view.WindowInsetsCompat,android.graphics.Rect) -> b
    boolean dispatchNestedFling(android.view.View,float,float,boolean) -> c
    boolean dispatchNestedPreFling(android.view.View,float,float) -> d
    boolean dispatchNestedPreScroll(android.view.View,int,int,int[],int[]) -> e
    boolean dispatchNestedScroll(android.view.View,int,int,int,int,int[]) -> f
    android.content.res.ColorStateList getBackgroundTintList(android.view.View) -> g
    android.graphics.PorterDuff$Mode getBackgroundTintMode(android.view.View) -> h
    float getElevation(android.view.View) -> i
    androidx.core.view.WindowInsetsCompat getRootWindowInsets(android.view.View) -> j
    java.lang.String getTransitionName(android.view.View) -> k
    float getTranslationZ(android.view.View) -> l
    float getZ(android.view.View) -> m
    boolean hasNestedScrollingParent(android.view.View) -> n
    boolean isImportantForAccessibility(android.view.View) -> o
    boolean isNestedScrollingEnabled(android.view.View) -> p
    void setBackgroundTintList(android.view.View,android.content.res.ColorStateList) -> q
    void setBackgroundTintMode(android.view.View,android.graphics.PorterDuff$Mode) -> r
    void setElevation(android.view.View,float) -> s
androidx.core.view.ViewCompat$Api21Impl$1 -> androidx.core.view.o$k$a:
    androidx.core.view.OnApplyWindowInsetsListener val$listener -> c
    android.view.View val$v -> b
    androidx.core.view.WindowInsetsCompat mLastInsets -> a
androidx.core.view.ViewCompat$Api23Impl -> androidx.core.view.o$l:
    androidx.core.view.WindowInsetsCompat getRootWindowInsets(android.view.View) -> a
    int getScrollIndicators(android.view.View) -> b
    void setScrollIndicators(android.view.View,int) -> c
    void setScrollIndicators(android.view.View,int,int) -> d