build/app/outputs/mapping/release/usage.txt
com.example.nehwe.BuildConfig
com.example.nehwe.R$anim
com.example.nehwe.R$animator
com.example.nehwe.R$array
com.example.nehwe.R$attr
com.example.nehwe.R$color
com.example.nehwe.R$dimen
com.example.nehwe.R$drawable
com.example.nehwe.R$font
com.example.nehwe.R$id
com.example.nehwe.R$integer
com.example.nehwe.R$layout
com.example.nehwe.R$menu
com.example.nehwe.R$mipmap
com.example.nehwe.R$plurals
com.example.nehwe.R$string
com.example.nehwe.R$style
com.example.nehwe.R$styleable
com.example.nehwe.R
...
com.google.android.exoplayer2.source.rtsp.TransferRtpDataChannel:
    private static final java.lang.String DEFAULT_TCP_TRANSPORT_FORMAT
com.google.android.exoplayer2.source.rtsp.TransferRtpDataChannelFactory:
    private static final int INTERLEAVED_CHANNELS_PER_TRACK
com.google.android.exoplayer2.source.rtsp.UdpDataSourceRtpDataChannel:
    private static final java.lang.String DEFAULT_UDP_TRANSPORT_FORMAT
com.google.android.exoplayer2.source.rtsp.package-info
com.google.android.exoplayer2.source.rtsp.reader.RtpAacReader:
    private static final java.lang.String AAC_HIGH_BITRATE_MODE
    private static final java.lang.String AAC_LOW_BITRATE_MODE
    private static final java.lang.String TAG
com.google.android.exoplayer2.source.rtsp.reader.RtpAc3Reader:
    private static final int AC3_FRAME_TYPE_COMPLETE_FRAME
    private static final int AC3_FRAME_TYPE_INITIAL_FRAGMENT_A
    private static final int AC3_FRAME_TYPE_INITIAL_FRAGMENT_B
    private static final int AC3_FRAME_TYPE_NON_INITIAL_FRAGMENT
    private static final int AC3_PAYLOAD_HEADER_SIZE
com.google.android.exoplayer2.source.rtsp.reader.RtpH264Reader:
    private static final int FU_PAYLOAD_OFFSET
    private static final long MEDIA_CLOCK_FREQUENCY
    private static final int NAL_UNIT_TYPE_IDR
    private static final int RTP_PACKET_TYPE_FU_A
    private static final int RTP_PACKET_TYPE_STAP_A
    private static final java.lang.String TAG
com.google.android.exoplayer2.source.rtsp.reader.RtpPayloadReader$Factory
com.google.android.exoplayer2.source.rtsp.reader.package-info
com.google.android.exoplayer2.source.smoothstreaming.BuildConfig
com.google.android.exoplayer2.source.smoothstreaming.DefaultSsChunkSource$StreamElementIterator:
    public com.google.android.exoplayer2.upstream.DataSpec getDataSpec()
com.google.android.exoplayer2.source.smoothstreaming.R$attr
com.google.android.exoplayer2.source.smoothstreaming.R$color
com.google.android.exoplayer2.source.smoothstreaming.R$dimen
com.google.android.exoplayer2.source.smoothstreaming.R$drawable
com.google.android.exoplayer2.source.smoothstreaming.R$id
com.google.android.exoplayer2.source.smoothstreaming.R$integer
com.google.android.exoplayer2.source.smoothstreaming.R$layout
com.google.android.exoplayer2.source.smoothstreaming.R$menu
com.google.android.exoplayer2.source.smoothstreaming.R$string
com.google.android.exoplayer2.source.smoothstreaming.R$style
com.google.android.exoplayer2.source.smoothstreaming.R$styleable
com.google.android.exoplayer2.source.smoothstreaming.R
com.google.android.exoplayer2.source.smoothstreaming.SsMediaPeriod:
    public java.util.List getStreamKeys(java.util.List)
com.google.android.exoplayer2.source.smoothstreaming.SsMediaSource$Factory:
    public com.google.android.exoplayer2.source.smoothstreaming.SsMediaSource createMediaSource(com.google.android.exoplayer2.source.smoothstreaming.manifest.SsManifest)
    public com.google.android.exoplayer2.source.smoothstreaming.SsMediaSource createMediaSource(com.google.android.exoplayer2.source.smoothstreaming.manifest.SsManifest,com.google.android.exoplayer2.MediaItem)
    public com.google.android.exoplayer2.source.smoothstreaming.SsMediaSource$Factory setCompositeSequenceableLoaderFactory(com.google.android.exoplayer2.source.CompositeSequenceableLoaderFactory)
    public com.google.android.exoplayer2.source.smoothstreaming.SsMediaSource$Factory setLivePresentationDelayMs(long)
    public com.google.android.exoplayer2.source.smoothstreaming.SsMediaSource$Factory setManifestParser(com.google.android.exoplayer2.upstream.ParsingLoadable$Parser)
com.google.android.exoplayer2.source.smoothstreaming.SsMediaSource:
    public static final long DEFAULT_LIVE_PRESENTATION_DELAY_MS
    private static final int MINIMUM_MANIFEST_REFRESH_PERIOD_MS
    private static final long MIN_LIVE_DEFAULT_START_POSITION_US